Detecting C [-std=c11] compiler features failed to compile with the following output:
Change Dir: /media/ziedan/New Volume/Self-Driving_Car_NanoDegree/Term#3/CarND-Path-Planning-Project-master/build/CMakeFiles/CMakeTmp

Run Build Command:"/usr/bin/make" "cmTC_5645a/fast"
/usr/bin/make -f CMakeFiles/cmTC_5645a.dir/build.make CMakeFiles/cmTC_5645a.dir/build
make[1]: Entering directory '/media/ziedan/New Volume/Self-Driving_Car_NanoDegree/Term#3/CarND-Path-Planning-Project-master/build/CMakeFiles/CMakeTmp'
make[1]: *** No rule to make target '/media/ziedan/New Volume/Self-Driving_Car_NanoDegree/Term', needed by 'CMakeFiles/cmTC_5645a.dir/feature_tests.c.o'.  Stop.
make[1]: Leaving directory '/media/ziedan/New Volume/Self-Driving_Car_NanoDegree/Term#3/CarND-Path-Planning-Project-master/build/CMakeFiles/CMakeTmp'
Makefile:126: recipe for target 'cmTC_5645a/fast' failed
make: *** [cmTC_5645a/fast] Error 2



Detecting CXX [-std=c++1z] compiler features failed to compile with the following output:
Change Dir: /media/ziedan/New Volume/Self-Driving_Car_NanoDegree/Term#3/CarND-Path-Planning-Project-master/build/CMakeFiles/CMakeTmp

Run Build Command:"/usr/bin/make" "cmTC_a5795/fast"
/usr/bin/make -f CMakeFiles/cmTC_a5795.dir/build.make CMakeFiles/cmTC_a5795.dir/build
make[1]: Entering directory '/media/ziedan/New Volume/Self-Driving_Car_NanoDegree/Term#3/CarND-Path-Planning-Project-master/build/CMakeFiles/CMakeTmp'
make[1]: *** No rule to make target '/media/ziedan/New Volume/Self-Driving_Car_NanoDegree/Term', needed by 'CMakeFiles/cmTC_a5795.dir/feature_tests.cxx.o'.  Stop.
make[1]: Leaving directory '/media/ziedan/New Volume/Self-Driving_Car_NanoDegree/Term#3/CarND-Path-Planning-Project-master/build/CMakeFiles/CMakeTmp'
Makefile:126: recipe for target 'cmTC_a5795/fast' failed
make: *** [cmTC_a5795/fast] Error 2



